<?xml version="1.0" encoding="UTF-8"?>
<robot generator="Robot 7.0.1 (Python 3.12.5 on darwin)" generated="2024-08-29T15:58:01.622074" rpa="false" schemaversion="5">
<suite id="s1" name="Teste-01" source="/Users/raiannalima/Documents/Programming/Courses/Robot-Framework-01/teste-01.robot">
<test id="s1-t1" name="Caso de teste Exemplo" line="6">
<kw name="Acessar a página da Amazon" owner="resource-01">
<kw name="Open Browser" owner="SeleniumLibrary">
<msg time="2024-08-29T15:58:01.981255" level="INFO">Opening browser 'chrome' to base url 'https://www.amazon.com.br'.</msg>
<arg>${URL}</arg>
<arg>${BROWSER}</arg>
<doc>Opens a new browser instance to the optional ``url``.</doc>
<status status="PASS" start="2024-08-29T15:58:01.980857" elapsed="5.558797"/>
</kw>
<kw name="Maximize Browser Window" owner="SeleniumLibrary">
<doc>Maximizes current browser window.</doc>
<status status="PASS" start="2024-08-29T15:58:07.541761" elapsed="0.911297"/>
</kw>
<status status="PASS" start="2024-08-29T15:58:01.979803" elapsed="6.473714"/>
</kw>
<kw name="Pesquisar por celulares" owner="resource-01">
<kw name="Input Text" owner="SeleniumLibrary">
<msg time="2024-08-29T15:58:08.456133" level="INFO">Typing text 'celulares' into text field 'id:twotabsearchtextbox'.</msg>
<arg>locator=id:twotabsearchtextbox</arg>
<arg>text=celulares</arg>
<doc>Types the given ``text`` into the text field identified by ``locator``.</doc>
<status status="PASS" start="2024-08-29T15:58:08.455393" elapsed="1.629954"/>
</kw>
<kw name="Click Element" owner="SeleniumLibrary">
<msg time="2024-08-29T15:58:10.086433" level="INFO">Clicking element 'id:nav-search-submit-button'.</msg>
<arg>locator=id:nav-search-submit-button</arg>
<doc>Click the element identified by ``locator``.</doc>
<status status="PASS" start="2024-08-29T15:58:10.085831" elapsed="3.359238"/>
</kw>
<status status="PASS" start="2024-08-29T15:58:08.454816" elapsed="4.990476"/>
</kw>
<kw name="Validar o resultado" owner="resource-01">
<kw name="Wait Until Page Contains" owner="SeleniumLibrary">
<arg>text=Resultados</arg>
<doc>Waits until ``text`` appears on the current page.</doc>
<status status="PASS" start="2024-08-29T15:58:13.447153" elapsed="0.097120"/>
</kw>
<status status="PASS" start="2024-08-29T15:58:13.446073" elapsed="0.098472"/>
</kw>
<status status="PASS" start="2024-08-29T15:58:01.978595" elapsed="11.566623"/>
</test>
<doc>Teste Exemplo</doc>
<status status="PASS" start="2024-08-29T15:58:01.623937" elapsed="11.923145"/>
</suite>
<statistics>
<total>
<stat pass="1" fail="0" skip="0">All Tests</stat>
</total>
<tag>
</tag>
<suite>
<stat pass="1" fail="0" skip="0" id="s1" name="Teste-01">Teste-01</stat>
</suite>
</statistics>
<errors>
</errors>
</robot>
